<?xml version="1.0" encoding="UTF-8"?>
<!-- Generated by org.testng.reporters.JUnitReportReporter -->
<testsuite hostname="IN-PG0352T2" failures="0" tests="7" name="com.nagarro.TestRunner.TestRunner" time="60.239" errors="0" timestamp="2024-11-15T01:44:23 IST" skipped="0">
  <testcase classname="com.nagarro.TestRunner.TestRunner" name="runScenario" time="16.999"/>
  <system-out/>
  <testcase classname="com.nagarro.TestRunner.TestRunner" name="runScenario" time="5.625"/>
  <system-out/>
  <testcase classname="com.nagarro.TestRunner.TestRunner" name="runScenario" time="5.989"/>
  <system-out/>
  <testcase classname="com.nagarro.TestRunner.TestRunner" name="runScenario" time="15.380"/>
  <system-out/>
  <testcase classname="com.nagarro.TestRunner.TestRunner" name="runScenario" time="4.411"/>
  <system-out/>
  <testcase classname="com.nagarro.TestRunner.TestRunner" name="runScenario" time="5.951"/>
  <system-out/>
  <testcase classname="com.nagarro.TestRunner.TestRunner" name="runScenario" time="5.884"/>
  <system-out/>
</testsuite> <!-- com.nagarro.TestRunner.TestRunner -->
